<?xml version="1.0" encoding="UTF-8"?>
<!-- Generated by org.testng.reporters.JUnitXMLReporter -->
<testsuite hostname="DESKTOP-Izac" name="Test" tests="6" failures="0" timestamp="21 Feb 2020 00:30:14 GMT" time="15.279" errors="0">
  <testcase name="validarTitle" time="0.02" classname="test.PageOneTest1"/>
  <testcase name="validarTitleTestTwo" time="0.009" classname="test.PageOneTest1"/>
  <testcase name="validarURL" time="0.009" classname="test.PageOneTest1"/>
  <testcase name="validarTitleTwo" time="0.009" classname="test.PageOneTest1"/>
  <testcase name="validarTitle1" time="1.01" classname="test.PageOneTest2"/>
  <testcase name="validarURL1" time="1.033" classname="test.PageOneTest2"/>
</testsuite> <!-- Test -->
