<?xml version="1.0" encoding="UTF-8"?>
<!-- Generated by org.testng.reporters.JUnitXMLReporter -->
<testsuite hostname="DESKTOP-Izac" name="DefaultTestNGReport" tests="6" failures="0" timestamp="20 Feb 2020 23:28:20 GMT" time="15.487" errors="0">
  <testcase name="validarTitle" time="0.019" classname="test.PageOneTest1"/>
  <testcase name="validarTitleTestTwo" time="0.007" classname="test.PageOneTest1"/>
  <testcase name="validarURL" time="0.009" classname="test.PageOneTest1"/>
  <testcase name="validarTitleTwo" time="0.006" classname="test.PageOneTest1"/>
  <testcase name="validarTitle1" time="1.012" classname="test.PageOneTest2"/>
  <testcase name="validarURL1" time="1.009" classname="test.PageOneTest2"/>
</testsuite> <!-- DefaultTestNGReport -->
