<?xml version="1.0" encoding="UTF-8"?>
<!-- Generated by org.testng.reporters.JUnitXMLReporter -->
<testsuite hostname="DESKTOP-Izac" name="Default test" tests="4" failures="0" timestamp="20 Feb 2020 23:36:29 GMT" time="7.113" errors="0">
  <testcase name="validarTitle" time="0.02" classname="test.PageOneTest1"/>
  <testcase name="validarTitleTestTwo" time="0.008" classname="test.PageOneTest1"/>
  <testcase name="validarURL" time="0.008" classname="test.PageOneTest1"/>
  <testcase name="validarTitleTwo" time="0.008" classname="test.PageOneTest1"/>
</testsuite> <!-- Default test -->
