<?xml version="1.0" encoding="UTF-8"?>
<!-- Generated by org.testng.reporters.JUnitXMLReporter -->
<testsuite hostname="DESKTOP-Izac" name="Test" tests="6" failures="0" timestamp="25 Feb 2020 19:04:53 GMT" time="15.135" errors="0">
  <testcase name="validarTitle" time="0.036" classname="testA.PageOneTest1"/>
  <testcase name="validarTitleTestTwo" time="0.008" classname="testA.PageOneTest1"/>
  <testcase name="validarURL" time="0.01" classname="testA.PageOneTest1"/>
  <testcase name="validarTitleTwo" time="0.019" classname="testA.PageOneTest1"/>
  <testcase name="validarTitle1" time="1.01" classname="testA.PageOneTest2"/>
  <testcase name="validarURL1" time="1.01" classname="testA.PageOneTest2"/>
</testsuite> <!-- Test -->
