<?xml version="1.0" encoding="UTF-8"?>
<testsuite name="Test"
           tests="4"
           failures="0"
           errors="0"
           skipped="0"
           time="0,047">
  <properties />
  
  
            <testcase name="validarTitleTwo" time="0,009" classname="test.PageOneTest1" />
                <testcase name="validarTitle" time="0,020" classname="test.PageOneTest1" />
                <testcase name="validarURL" time="0,009" classname="test.PageOneTest1" />
                <testcase name="validarTitleTestTwo" time="0,009" classname="test.PageOneTest1" />
      
</testsuite>
